2021-11-17 16:56:36,361 DEB [MainProcess] [MainThread] - init log, SDK version v2.1.0-0-g5ae3dc0-master [P:95812 T:140359384213312 F:log.py:100]
2021-11-17 16:56:36,361 DEB [MainProcess] [MainThread] - init MixedClient, conf_path /mnt/cache/zhoujingqiu.vendor/universal_pix2seq/.petreloss.conf [P:95812 T:140359384213312 F:mixed_client.py:35]
2021-11-17 16:56:36,626 DEB [MainProcess] [MainThread] - create S3Client(cluster1, id: 140357317370704) [P:95812 T:140359384213312 F:client_base.py:20]
2021-11-17 16:56:38,017 DEB [MainProcess] [MainThread] - create DFS(SH-IDC1-10-142-4-115, id: 140357791378128) [P:95812 T:140359384213312 F:client_base.py:20]
2021-11-17 16:56:46,003 DEB [Process-1  ] [MainThread] - log initiated, skip [P:96251 T:140359384213312 F:log.py:69]
2021-11-17 16:56:46,003 DEB [Process-2  ] [MainThread] - log initiated, skip [P:96260 T:140359384213312 F:log.py:69]
2021-11-17 16:56:46,003 DEB [Process-4  ] [MainThread] - log initiated, skip [P:96277 T:140359384213312 F:log.py:69]
2021-11-17 16:56:46,004 DEB [Process-2  ] [MainThread] - init MixedClient, conf_path /mnt/cache/zhoujingqiu.vendor/universal_pix2seq/.petreloss.conf [P:96260 T:140359384213312 F:mixed_client.py:35]
2021-11-17 16:56:46,003 DEB [Process-3  ] [MainThread] - log initiated, skip [P:96269 T:140359384213312 F:log.py:69]
2021-11-17 16:56:46,004 DEB [Process-7  ] [MainThread] - log initiated, skip [P:96300 T:140359384213312 F:log.py:69]
2021-11-17 16:56:46,004 DEB [Process-9  ] [MainThread] - log initiated, skip [P:96318 T:140359384213312 F:log.py:69]
2021-11-17 16:56:46,004 DEB [Process-6  ] [MainThread] - log initiated, skip [P:96293 T:140359384213312 F:log.py:69]
2021-11-17 16:56:46,004 DEB [Process-8  ] [MainThread] - log initiated, skip [P:96308 T:140359384213312 F:log.py:69]
2021-11-17 16:56:46,005 DEB [Process-10 ] [MainThread] - log initiated, skip [P:96335 T:140359384213312 F:log.py:69]
2021-11-17 16:56:46,005 DEB [Process-8  ] [MainThread] - init MixedClient, conf_path /mnt/cache/zhoujingqiu.vendor/universal_pix2seq/.petreloss.conf [P:96308 T:140359384213312 F:mixed_client.py:35]
2021-11-17 16:56:46,003 DEB [Process-1  ] [MainThread] - init MixedClient, conf_path /mnt/cache/zhoujingqiu.vendor/universal_pix2seq/.petreloss.conf [P:96251 T:140359384213312 F:mixed_client.py:35]
2021-11-17 16:56:46,005 DEB [Process-8  ] [MainThread] - create S3Client(cluster1, id: 140355596831504) [P:96308 T:140359384213312 F:client_base.py:20]
2021-11-17 16:56:46,004 DEB [Process-2  ] [MainThread] - create S3Client(cluster1, id: 140355596856528) [P:96260 T:140359384213312 F:client_base.py:20]
2021-11-17 16:56:46,004 DEB [Process-3  ] [MainThread] - init MixedClient, conf_path /mnt/cache/zhoujingqiu.vendor/universal_pix2seq/.petreloss.conf [P:96269 T:140359384213312 F:mixed_client.py:35]
2021-11-17 16:56:46,005 DEB [Process-7  ] [MainThread] - init MixedClient, conf_path /mnt/cache/zhoujingqiu.vendor/universal_pix2seq/.petreloss.conf [P:96300 T:140359384213312 F:mixed_client.py:35]
2021-11-17 16:56:46,004 DEB [Process-3  ] [MainThread] - create S3Client(cluster1, id: 140355596804176) [P:96269 T:140359384213312 F:client_base.py:20]
2021-11-17 16:56:46,005 DEB [Process-6  ] [MainThread] - init MixedClient, conf_path /mnt/cache/zhoujingqiu.vendor/universal_pix2seq/.petreloss.conf [P:96293 T:140359384213312 F:mixed_client.py:35]
2021-11-17 16:56:46,003 DEB [Process-5  ] [MainThread] - log initiated, skip [P:96285 T:140359384213312 F:log.py:69]
2021-11-17 16:56:46,004 DEB [Process-4  ] [MainThread] - init MixedClient, conf_path /mnt/cache/zhoujingqiu.vendor/universal_pix2seq/.petreloss.conf [P:96277 T:140359384213312 F:mixed_client.py:35]
2021-11-17 16:56:46,005 DEB [Process-10 ] [MainThread] - init MixedClient, conf_path /mnt/cache/zhoujingqiu.vendor/universal_pix2seq/.petreloss.conf [P:96335 T:140359384213312 F:mixed_client.py:35]
2021-11-17 16:56:46,004 DEB [Process-1  ] [MainThread] - create S3Client(cluster1, id: 140355596818256) [P:96251 T:140359384213312 F:client_base.py:20]
2021-11-17 16:56:46,004 DEB [Process-5  ] [MainThread] - init MixedClient, conf_path /mnt/cache/zhoujingqiu.vendor/universal_pix2seq/.petreloss.conf [P:96285 T:140359384213312 F:mixed_client.py:35]
2021-11-17 16:56:46,005 DEB [Process-7  ] [MainThread] - create S3Client(cluster1, id: 140355596832400) [P:96300 T:140359384213312 F:client_base.py:20]
2021-11-17 16:56:46,004 DEB [Process-4  ] [MainThread] - create S3Client(cluster1, id: 140355596805136) [P:96277 T:140359384213312 F:client_base.py:20]
2021-11-17 16:56:46,004 DEB [Process-5  ] [MainThread] - create S3Client(cluster1, id: 140355596804496) [P:96285 T:140359384213312 F:client_base.py:20]
2021-11-17 16:56:46,005 DEB [Process-9  ] [MainThread] - init MixedClient, conf_path /mnt/cache/zhoujingqiu.vendor/universal_pix2seq/.petreloss.conf [P:96318 T:140359384213312 F:mixed_client.py:35]
2021-11-17 16:56:46,005 DEB [Process-6  ] [MainThread] - create S3Client(cluster1, id: 140355596794256) [P:96293 T:140359384213312 F:client_base.py:20]
2021-11-17 16:56:46,006 DEB [Process-10 ] [MainThread] - create S3Client(cluster1, id: 140355596875600) [P:96335 T:140359384213312 F:client_base.py:20]
2021-11-17 16:56:46,005 DEB [Process-9  ] [MainThread] - create S3Client(cluster1, id: 140355596832208) [P:96318 T:140359384213312 F:client_base.py:20]
2021-11-17 16:56:54,561 DEB [Process-3  ] [MainThread] - create DFS(SH-IDC1-10-142-4-115, id: 140355596805072) [P:96269 T:140359384213312 F:client_base.py:20]
2021-11-17 16:56:54,571 DEB [Process-4  ] [MainThread] - create DFS(SH-IDC1-10-142-4-115, id: 140355596804816) [P:96277 T:140359384213312 F:client_base.py:20]
2021-11-17 16:56:54,581 DEB [Process-5  ] [MainThread] - create DFS(SH-IDC1-10-142-4-115, id: 140355596804176) [P:96285 T:140359384213312 F:client_base.py:20]
2021-11-17 16:56:54,592 DEB [Process-2  ] [MainThread] - create DFS(SH-IDC1-10-142-4-115, id: 140355596854352) [P:96260 T:140359384213312 F:client_base.py:20]
2021-11-17 16:56:54,602 DEB [Process-7  ] [MainThread] - create DFS(SH-IDC1-10-142-4-115, id: 140355596831568) [P:96300 T:140359384213312 F:client_base.py:20]
2021-11-17 16:56:54,613 DEB [Process-8  ] [MainThread] - create DFS(SH-IDC1-10-142-4-115, id: 140355596832464) [P:96308 T:140359384213312 F:client_base.py:20]
2021-11-17 16:56:54,621 DEB [Process-10 ] [MainThread] - create DFS(SH-IDC1-10-142-4-115, id: 140355596873936) [P:96335 T:140359384213312 F:client_base.py:20]
2021-11-17 16:56:54,632 DEB [Process-9  ] [MainThread] - create DFS(SH-IDC1-10-142-4-115, id: 140355596832144) [P:96318 T:140359384213312 F:client_base.py:20]
2021-11-17 16:56:54,642 DEB [Process-1  ] [MainThread] - create DFS(SH-IDC1-10-142-4-115, id: 140355596816592) [P:96251 T:140359384213312 F:client_base.py:20]
2021-11-17 16:56:54,651 DEB [Process-6  ] [MainThread] - create DFS(SH-IDC1-10-142-4-115, id: 140355596792592) [P:96293 T:140359384213312 F:client_base.py:20]
2021-11-17 17:00:34,785 INF [Process-2  ] [MainThread] - S3Client(cluster1, id: 140355596856528): get [total: 5000, hit: 5000, miss: 0, error: 0, time: 99.6057 s, time_avg: 0.0199211 s, hit ratio: 100.00%, bytes: 551.0MiB, speed: 5.5MiB/s] [P:96260 T:140359384213312 F:io_profile.py:132]
2021-11-17 17:00:34,785 INF [Process-2  ] [MainThread] - DFS(SH-IDC1-10-142-4-115, id: 140355596854352): No IO operations [P:96260 T:140359384213312 F:io_profile.py:132]
2021-11-17 17:00:34,785 INF [Process-2  ] [MainThread] - IO Percentage: S3Client(cluster1, id: 140355596856528): 100.00%, DFS(SH-IDC1-10-142-4-115, id: 140355596854352): 0.00% [P:96260 T:140359384213312 F:io_profile.py:248]
2021-11-17 17:00:35,573 INF [Process-3  ] [MainThread] - S3Client(cluster1, id: 140355596804176): get [total: 5000, hit: 5000, miss: 0, error: 0, time: 100.536 s, time_avg: 0.0201071 s, hit ratio: 100.00%, bytes: 571.1MiB, speed: 5.7MiB/s] [P:96269 T:140359384213312 F:io_profile.py:132]
2021-11-17 17:00:35,573 INF [Process-3  ] [MainThread] - DFS(SH-IDC1-10-142-4-115, id: 140355596805072): No IO operations [P:96269 T:140359384213312 F:io_profile.py:132]
2021-11-17 17:00:35,573 INF [Process-3  ] [MainThread] - IO Percentage: S3Client(cluster1, id: 140355596804176): 100.00%, DFS(SH-IDC1-10-142-4-115, id: 140355596805072): 0.00% [P:96269 T:140359384213312 F:io_profile.py:248]
2021-11-17 17:00:36,602 INF [Process-1  ] [MainThread] - S3Client(cluster1, id: 140355596818256): get [total: 5000, hit: 5000, miss: 0, error: 0, time: 101.628 s, time_avg: 0.0203255 s, hit ratio: 100.00%, bytes: 561.7MiB, speed: 5.5MiB/s] [P:96251 T:140359384213312 F:io_profile.py:132]
2021-11-17 17:00:36,603 INF [Process-1  ] [MainThread] - DFS(SH-IDC1-10-142-4-115, id: 140355596816592): No IO operations [P:96251 T:140359384213312 F:io_profile.py:132]
2021-11-17 17:00:36,603 INF [Process-1  ] [MainThread] - IO Percentage: S3Client(cluster1, id: 140355596818256): 100.00%, DFS(SH-IDC1-10-142-4-115, id: 140355596816592): 0.00% [P:96251 T:140359384213312 F:io_profile.py:248]
2021-11-17 17:00:37,999 INF [Process-5  ] [MainThread] - S3Client(cluster1, id: 140355596804496): get [total: 5000, hit: 5000, miss: 0, error: 0, time: 105.88 s, time_avg: 0.0211759 s, hit ratio: 100.00%, bytes: 542.1MiB, speed: 5.1MiB/s] [P:96285 T:140359384213312 F:io_profile.py:132]
2021-11-17 17:00:37,999 INF [Process-5  ] [MainThread] - DFS(SH-IDC1-10-142-4-115, id: 140355596804176): No IO operations [P:96285 T:140359384213312 F:io_profile.py:132]
2021-11-17 17:00:37,999 INF [Process-5  ] [MainThread] - IO Percentage: S3Client(cluster1, id: 140355596804496): 100.00%, DFS(SH-IDC1-10-142-4-115, id: 140355596804176): 0.00% [P:96285 T:140359384213312 F:io_profile.py:248]
2021-11-17 17:00:39,355 INF [Process-4  ] [MainThread] - S3Client(cluster1, id: 140355596805136): get [total: 5000, hit: 5000, miss: 0, error: 0, time: 103.754 s, time_avg: 0.0207508 s, hit ratio: 100.00%, bytes: 566.8MiB, speed: 5.5MiB/s] [P:96277 T:140359384213312 F:io_profile.py:132]
2021-11-17 17:00:39,356 INF [Process-4  ] [MainThread] - DFS(SH-IDC1-10-142-4-115, id: 140355596804816): No IO operations [P:96277 T:140359384213312 F:io_profile.py:132]
2021-11-17 17:00:39,356 INF [Process-4  ] [MainThread] - IO Percentage: S3Client(cluster1, id: 140355596805136): 100.00%, DFS(SH-IDC1-10-142-4-115, id: 140355596804816): 0.00% [P:96277 T:140359384213312 F:io_profile.py:248]
2021-11-17 17:00:39,523 INF [Process-8  ] [MainThread] - S3Client(cluster1, id: 140355596831504): get [total: 5000, hit: 5000, miss: 0, error: 0, time: 107.276 s, time_avg: 0.0214552 s, hit ratio: 100.00%, bytes: 530.4MiB, speed: 4.9MiB/s] [P:96308 T:140359384213312 F:io_profile.py:132]
2021-11-17 17:00:39,523 INF [Process-8  ] [MainThread] - DFS(SH-IDC1-10-142-4-115, id: 140355596832464): No IO operations [P:96308 T:140359384213312 F:io_profile.py:132]
2021-11-17 17:00:39,523 INF [Process-8  ] [MainThread] - IO Percentage: S3Client(cluster1, id: 140355596831504): 100.00%, DFS(SH-IDC1-10-142-4-115, id: 140355596832464): 0.00% [P:96308 T:140359384213312 F:io_profile.py:248]
2021-11-17 17:00:41,479 INF [Process-7  ] [MainThread] - S3Client(cluster1, id: 140355596832400): get [total: 5000, hit: 5000, miss: 0, error: 0, time: 105.954 s, time_avg: 0.0211907 s, hit ratio: 100.00%, bytes: 556.0MiB, speed: 5.2MiB/s] [P:96300 T:140359384213312 F:io_profile.py:132]
2021-11-17 17:00:41,479 INF [Process-7  ] [MainThread] - DFS(SH-IDC1-10-142-4-115, id: 140355596831568): No IO operations [P:96300 T:140359384213312 F:io_profile.py:132]
2021-11-17 17:00:41,479 INF [Process-7  ] [MainThread] - IO Percentage: S3Client(cluster1, id: 140355596832400): 100.00%, DFS(SH-IDC1-10-142-4-115, id: 140355596831568): 0.00% [P:96300 T:140359384213312 F:io_profile.py:248]
2021-11-17 17:00:42,026 INF [Process-6  ] [MainThread] - S3Client(cluster1, id: 140355596794256): get [total: 5000, hit: 5000, miss: 0, error: 0, time: 101.706 s, time_avg: 0.0203412 s, hit ratio: 100.00%, bytes: 596.5MiB, speed: 5.9MiB/s] [P:96293 T:140359384213312 F:io_profile.py:132]
2021-11-17 17:00:42,027 INF [Process-6  ] [MainThread] - DFS(SH-IDC1-10-142-4-115, id: 140355596792592): No IO operations [P:96293 T:140359384213312 F:io_profile.py:132]
2021-11-17 17:00:42,027 INF [Process-6  ] [MainThread] - IO Percentage: S3Client(cluster1, id: 140355596794256): 100.00%, DFS(SH-IDC1-10-142-4-115, id: 140355596792592): 0.00% [P:96293 T:140359384213312 F:io_profile.py:248]
2021-11-17 17:00:42,517 INF [Process-10 ] [MainThread] - S3Client(cluster1, id: 140355596875600): get [total: 5000, hit: 5000, miss: 0, error: 0, time: 107.748 s, time_avg: 0.0215495 s, hit ratio: 100.00%, bytes: 580.0MiB, speed: 5.4MiB/s] [P:96335 T:140359384213312 F:io_profile.py:132]
2021-11-17 17:00:42,517 INF [Process-10 ] [MainThread] - DFS(SH-IDC1-10-142-4-115, id: 140355596873936): No IO operations [P:96335 T:140359384213312 F:io_profile.py:132]
2021-11-17 17:00:42,517 INF [Process-10 ] [MainThread] - IO Percentage: S3Client(cluster1, id: 140355596875600): 100.00%, DFS(SH-IDC1-10-142-4-115, id: 140355596873936): 0.00% [P:96335 T:140359384213312 F:io_profile.py:248]
2021-11-17 17:00:45,040 INF [Process-9  ] [MainThread] - S3Client(cluster1, id: 140355596832208): get [total: 5000, hit: 5000, miss: 0, error: 0, time: 108.91 s, time_avg: 0.021782 s, hit ratio: 100.00%, bytes: 595.4MiB, speed: 5.5MiB/s] [P:96318 T:140359384213312 F:io_profile.py:132]
2021-11-17 17:00:45,040 INF [Process-9  ] [MainThread] - DFS(SH-IDC1-10-142-4-115, id: 140355596832144): No IO operations [P:96318 T:140359384213312 F:io_profile.py:132]
2021-11-17 17:00:45,040 INF [Process-9  ] [MainThread] - IO Percentage: S3Client(cluster1, id: 140355596832208): 100.00%, DFS(SH-IDC1-10-142-4-115, id: 140355596832144): 0.00% [P:96318 T:140359384213312 F:io_profile.py:248]
