2021-11-17 13:20:39,367 DEB [MainProcess] [MainThread] - init log, SDK version v2.1.0-0-g5ae3dc0-master [P:3428778 T:140244398290752 F:log.py:100]
2021-11-17 13:20:39,367 DEB [MainProcess] [MainThread] - init MixedClient, conf_path /mnt/cache/zhoujingqiu.vendor/universal_pix2seq/.petreloss.conf [P:3428778 T:140244398290752 F:mixed_client.py:35]
2021-11-17 13:20:39,604 DEB [MainProcess] [MainThread] - create S3Client(cluster1, id: 140242499175312) [P:3428778 T:140244398290752 F:client_base.py:20]
2021-11-17 13:20:41,021 DEB [MainProcess] [MainThread] - create DFS(SH-IDC1-10-142-4-76, id: 140242499175504) [P:3428778 T:140244398290752 F:client_base.py:20]
2021-11-17 13:20:46,163 DEB [Process-1  ] [MainThread] - log initiated, skip [P:3429186 T:140244398290752 F:log.py:69]
2021-11-17 13:20:46,164 DEB [Process-2  ] [MainThread] - log initiated, skip [P:3429194 T:140244398290752 F:log.py:69]
2021-11-17 13:20:46,164 DEB [Process-4  ] [MainThread] - log initiated, skip [P:3429210 T:140244398290752 F:log.py:69]
2021-11-17 13:20:46,164 DEB [Process-6  ] [MainThread] - log initiated, skip [P:3429226 T:140244398290752 F:log.py:69]
2021-11-17 13:20:46,164 DEB [Process-5  ] [MainThread] - log initiated, skip [P:3429218 T:140244398290752 F:log.py:69]
2021-11-17 13:20:46,164 DEB [Process-3  ] [MainThread] - log initiated, skip [P:3429202 T:140244398290752 F:log.py:69]
2021-11-17 13:20:46,165 DEB [Process-7  ] [MainThread] - log initiated, skip [P:3429233 T:140244398290752 F:log.py:69]
2021-11-17 13:20:46,165 DEB [Process-9  ] [MainThread] - log initiated, skip [P:3429249 T:140244398290752 F:log.py:69]
2021-11-17 13:20:46,165 DEB [Process-8  ] [MainThread] - log initiated, skip [P:3429241 T:140244398290752 F:log.py:69]
2021-11-17 13:20:46,166 DEB [Process-10 ] [MainThread] - log initiated, skip [P:3429387 T:140244398290752 F:log.py:69]
2021-11-17 13:20:46,164 DEB [Process-1  ] [MainThread] - init MixedClient, conf_path /mnt/cache/zhoujingqiu.vendor/universal_pix2seq/.petreloss.conf [P:3429186 T:140244398290752 F:mixed_client.py:35]
2021-11-17 13:20:46,164 DEB [Process-2  ] [MainThread] - init MixedClient, conf_path /mnt/cache/zhoujingqiu.vendor/universal_pix2seq/.petreloss.conf [P:3429194 T:140244398290752 F:mixed_client.py:35]
2021-11-17 13:20:46,164 DEB [Process-4  ] [MainThread] - init MixedClient, conf_path /mnt/cache/zhoujingqiu.vendor/universal_pix2seq/.petreloss.conf [P:3429210 T:140244398290752 F:mixed_client.py:35]
2021-11-17 13:20:46,164 DEB [Process-6  ] [MainThread] - init MixedClient, conf_path /mnt/cache/zhoujingqiu.vendor/universal_pix2seq/.petreloss.conf [P:3429226 T:140244398290752 F:mixed_client.py:35]
2021-11-17 13:20:46,165 DEB [Process-2  ] [MainThread] - create S3Client(cluster1, id: 140239489724944) [P:3429194 T:140244398290752 F:client_base.py:20]
2021-11-17 13:20:46,165 DEB [Process-4  ] [MainThread] - create S3Client(cluster1, id: 140239490199440) [P:3429210 T:140244398290752 F:client_base.py:20]
2021-11-17 13:20:46,164 DEB [Process-3  ] [MainThread] - init MixedClient, conf_path /mnt/cache/zhoujingqiu.vendor/universal_pix2seq/.petreloss.conf [P:3429202 T:140244398290752 F:mixed_client.py:35]
2021-11-17 13:20:46,165 DEB [Process-9  ] [MainThread] - init MixedClient, conf_path /mnt/cache/zhoujingqiu.vendor/universal_pix2seq/.petreloss.conf [P:3429249 T:140244398290752 F:mixed_client.py:35]
2021-11-17 13:20:46,165 DEB [Process-8  ] [MainThread] - init MixedClient, conf_path /mnt/cache/zhoujingqiu.vendor/universal_pix2seq/.petreloss.conf [P:3429241 T:140244398290752 F:mixed_client.py:35]
2021-11-17 13:20:46,166 DEB [Process-10 ] [MainThread] - init MixedClient, conf_path /mnt/cache/zhoujingqiu.vendor/universal_pix2seq/.petreloss.conf [P:3429387 T:140244398290752 F:mixed_client.py:35]
2021-11-17 13:20:46,164 DEB [Process-1  ] [MainThread] - create S3Client(cluster1, id: 140239490195344) [P:3429186 T:140244398290752 F:client_base.py:20]
2021-11-17 13:20:46,166 DEB [Process-10 ] [MainThread] - create S3Client(cluster1, id: 140239489716112) [P:3429387 T:140244398290752 F:client_base.py:20]
2021-11-17 13:20:46,165 DEB [Process-7  ] [MainThread] - init MixedClient, conf_path /mnt/cache/zhoujingqiu.vendor/universal_pix2seq/.petreloss.conf [P:3429233 T:140244398290752 F:mixed_client.py:35]
2021-11-17 13:20:46,165 DEB [Process-6  ] [MainThread] - create S3Client(cluster1, id: 140239489732816) [P:3429226 T:140244398290752 F:client_base.py:20]
2021-11-17 13:20:46,165 DEB [Process-3  ] [MainThread] - create S3Client(cluster1, id: 140239490198736) [P:3429202 T:140244398290752 F:client_base.py:20]
2021-11-17 13:20:46,166 DEB [Process-9  ] [MainThread] - create S3Client(cluster1, id: 140239489715664) [P:3429249 T:140244398290752 F:client_base.py:20]
2021-11-17 13:20:46,165 DEB [Process-7  ] [MainThread] - create S3Client(cluster1, id: 140239489729616) [P:3429233 T:140244398290752 F:client_base.py:20]
2021-11-17 13:20:46,164 DEB [Process-5  ] [MainThread] - init MixedClient, conf_path /mnt/cache/zhoujingqiu.vendor/universal_pix2seq/.petreloss.conf [P:3429218 T:140244398290752 F:mixed_client.py:35]
2021-11-17 13:20:46,166 DEB [Process-8  ] [MainThread] - create S3Client(cluster1, id: 140239489715984) [P:3429241 T:140244398290752 F:client_base.py:20]
2021-11-17 13:20:46,165 DEB [Process-5  ] [MainThread] - create S3Client(cluster1, id: 140239490198736) [P:3429218 T:140244398290752 F:client_base.py:20]
2021-11-17 13:20:54,439 DEB [Process-10 ] [MainThread] - create DFS(SH-IDC1-10-142-4-76, id: 140239489715600) [P:3429387 T:140244398290752 F:client_base.py:20]
2021-11-17 13:20:54,750 DEB [Process-1  ] [MainThread] - create DFS(SH-IDC1-10-142-4-76, id: 140239490194832) [P:3429186 T:140244398290752 F:client_base.py:20]
2021-11-17 13:20:54,770 DEB [Process-6  ] [MainThread] - create DFS(SH-IDC1-10-142-4-76, id: 140239489733584) [P:3429226 T:140244398290752 F:client_base.py:20]
2021-11-17 13:20:54,780 DEB [Process-4  ] [MainThread] - create DFS(SH-IDC1-10-142-4-76, id: 140239490197968) [P:3429210 T:140244398290752 F:client_base.py:20]
2021-11-17 13:20:54,790 DEB [Process-5  ] [MainThread] - create DFS(SH-IDC1-10-142-4-76, id: 140239490198864) [P:3429218 T:140244398290752 F:client_base.py:20]
2021-11-17 13:20:54,800 DEB [Process-3  ] [MainThread] - create DFS(SH-IDC1-10-142-4-76, id: 140239490197072) [P:3429202 T:140244398290752 F:client_base.py:20]
2021-11-17 13:20:54,810 DEB [Process-2  ] [MainThread] - create DFS(SH-IDC1-10-142-4-76, id: 140239489724752) [P:3429194 T:140244398290752 F:client_base.py:20]
2021-11-17 13:20:54,820 DEB [Process-7  ] [MainThread] - create DFS(SH-IDC1-10-142-4-76, id: 140239489729424) [P:3429233 T:140244398290752 F:client_base.py:20]
2021-11-17 13:20:54,830 DEB [Process-9  ] [MainThread] - create DFS(SH-IDC1-10-142-4-76, id: 140239489715216) [P:3429249 T:140244398290752 F:client_base.py:20]
2021-11-17 13:20:54,840 DEB [Process-8  ] [MainThread] - create DFS(SH-IDC1-10-142-4-76, id: 140239489714320) [P:3429241 T:140244398290752 F:client_base.py:20]
2021-11-17 13:22:01,976 DEB [MainProcess] [MainThread] - init log, SDK version v2.1.0-0-g5ae3dc0-master [P:3430939 T:139675079120704 F:log.py:100]
2021-11-17 13:22:01,976 DEB [MainProcess] [MainThread] - init MixedClient, conf_path /mnt/cache/zhoujingqiu.vendor/universal_pix2seq/.petreloss.conf [P:3430939 T:139675079120704 F:mixed_client.py:35]
2021-11-17 13:22:02,203 DEB [MainProcess] [MainThread] - create S3Client(cluster1, id: 139673280738768) [P:3430939 T:139675079120704 F:client_base.py:20]
2021-11-17 13:22:03,742 DEB [MainProcess] [MainThread] - create DFS(SH-IDC1-10-142-4-76, id: 139673280738960) [P:3430939 T:139675079120704 F:client_base.py:20]
2021-11-17 13:22:09,497 DEB [Process-2  ] [MainThread] - log initiated, skip [P:3431681 T:139675079120704 F:log.py:69]
2021-11-17 13:22:09,497 DEB [Process-1  ] [MainThread] - log initiated, skip [P:3431671 T:139675079120704 F:log.py:69]
2021-11-17 13:22:09,497 DEB [Process-5  ] [MainThread] - log initiated, skip [P:3431709 T:139675079120704 F:log.py:69]
2021-11-17 13:22:09,497 DEB [Process-4  ] [MainThread] - log initiated, skip [P:3431701 T:139675079120704 F:log.py:69]
2021-11-17 13:22:09,497 DEB [Process-3  ] [MainThread] - log initiated, skip [P:3431689 T:139675079120704 F:log.py:69]
2021-11-17 13:22:09,498 DEB [Process-4  ] [MainThread] - init MixedClient, conf_path /mnt/cache/zhoujingqiu.vendor/universal_pix2seq/.petreloss.conf [P:3431701 T:139675079120704 F:mixed_client.py:35]
2021-11-17 13:22:09,498 DEB [Process-6  ] [MainThread] - log initiated, skip [P:3431715 T:139675079120704 F:log.py:69]
2021-11-17 13:22:09,498 DEB [Process-9  ] [MainThread] - log initiated, skip [P:3431753 T:139675079120704 F:log.py:69]
2021-11-17 13:22:09,498 DEB [Process-7  ] [MainThread] - log initiated, skip [P:3431724 T:139675079120704 F:log.py:69]
2021-11-17 13:22:09,499 DEB [Process-10 ] [MainThread] - log initiated, skip [P:3431897 T:139675079120704 F:log.py:69]
2021-11-17 13:22:09,497 DEB [Process-2  ] [MainThread] - init MixedClient, conf_path /mnt/cache/zhoujingqiu.vendor/universal_pix2seq/.petreloss.conf [P:3431681 T:139675079120704 F:mixed_client.py:35]
2021-11-17 13:22:09,499 DEB [Process-10 ] [MainThread] - init MixedClient, conf_path /mnt/cache/zhoujingqiu.vendor/universal_pix2seq/.petreloss.conf [P:3431897 T:139675079120704 F:mixed_client.py:35]
2021-11-17 13:22:09,497 DEB [Process-5  ] [MainThread] - init MixedClient, conf_path /mnt/cache/zhoujingqiu.vendor/universal_pix2seq/.petreloss.conf [P:3431709 T:139675079120704 F:mixed_client.py:35]
2021-11-17 13:22:09,498 DEB [Process-2  ] [MainThread] - create S3Client(cluster1, id: 139671264219920) [P:3431681 T:139675079120704 F:client_base.py:20]
2021-11-17 13:22:09,500 DEB [Process-10 ] [MainThread] - create S3Client(cluster1, id: 139671264222288) [P:3431897 T:139675079120704 F:client_base.py:20]
2021-11-17 13:22:09,498 DEB [Process-3  ] [MainThread] - init MixedClient, conf_path /mnt/cache/zhoujingqiu.vendor/universal_pix2seq/.petreloss.conf [P:3431689 T:139675079120704 F:mixed_client.py:35]
2021-11-17 13:22:09,498 DEB [Process-4  ] [MainThread] - create S3Client(cluster1, id: 139671827562064) [P:3431701 T:139675079120704 F:client_base.py:20]
2021-11-17 13:22:09,498 DEB [Process-9  ] [MainThread] - init MixedClient, conf_path /mnt/cache/zhoujingqiu.vendor/universal_pix2seq/.petreloss.conf [P:3431753 T:139675079120704 F:mixed_client.py:35]
2021-11-17 13:22:09,499 DEB [Process-7  ] [MainThread] - init MixedClient, conf_path /mnt/cache/zhoujingqiu.vendor/universal_pix2seq/.petreloss.conf [P:3431724 T:139675079120704 F:mixed_client.py:35]
2021-11-17 13:22:09,499 DEB [Process-9  ] [MainThread] - create S3Client(cluster1, id: 139671264223184) [P:3431753 T:139675079120704 F:client_base.py:20]
2021-11-17 13:22:09,498 DEB [Process-8  ] [MainThread] - log initiated, skip [P:3431732 T:139675079120704 F:log.py:69]
2021-11-17 13:22:09,498 DEB [Process-5  ] [MainThread] - create S3Client(cluster1, id: 139671827561104) [P:3431709 T:139675079120704 F:client_base.py:20]
2021-11-17 13:22:09,498 DEB [Process-6  ] [MainThread] - init MixedClient, conf_path /mnt/cache/zhoujingqiu.vendor/universal_pix2seq/.petreloss.conf [P:3431715 T:139675079120704 F:mixed_client.py:35]
2021-11-17 13:22:09,498 DEB [Process-3  ] [MainThread] - create S3Client(cluster1, id: 139671264225360) [P:3431689 T:139675079120704 F:client_base.py:20]
2021-11-17 13:22:09,497 DEB [Process-1  ] [MainThread] - init MixedClient, conf_path /mnt/cache/zhoujingqiu.vendor/universal_pix2seq/.petreloss.conf [P:3431671 T:139675079120704 F:mixed_client.py:35]
2021-11-17 13:22:09,499 DEB [Process-7  ] [MainThread] - create S3Client(cluster1, id: 139671264241424) [P:3431724 T:139675079120704 F:client_base.py:20]
2021-11-17 13:22:09,499 DEB [Process-6  ] [MainThread] - create S3Client(cluster1, id: 139671827562000) [P:3431715 T:139675079120704 F:client_base.py:20]
2021-11-17 13:22:09,498 DEB [Process-8  ] [MainThread] - init MixedClient, conf_path /mnt/cache/zhoujingqiu.vendor/universal_pix2seq/.petreloss.conf [P:3431732 T:139675079120704 F:mixed_client.py:35]
2021-11-17 13:22:09,498 DEB [Process-1  ] [MainThread] - create S3Client(cluster1, id: 139671827553360) [P:3431671 T:139675079120704 F:client_base.py:20]
2021-11-17 13:22:09,499 DEB [Process-8  ] [MainThread] - create S3Client(cluster1, id: 139671264222480) [P:3431732 T:139675079120704 F:client_base.py:20]
2021-11-17 13:22:18,030 DEB [Process-4  ] [MainThread] - create DFS(SH-IDC1-10-142-4-76, id: 139671827560272) [P:3431701 T:139675079120704 F:client_base.py:20]
2021-11-17 13:22:18,040 DEB [Process-1  ] [MainThread] - create DFS(SH-IDC1-10-142-4-76, id: 139671827553424) [P:3431671 T:139675079120704 F:client_base.py:20]
2021-11-17 13:22:18,050 DEB [Process-2  ] [MainThread] - create DFS(SH-IDC1-10-142-4-76, id: 139671827554064) [P:3431681 T:139675079120704 F:client_base.py:20]
2021-11-17 13:22:18,061 DEB [Process-5  ] [MainThread] - create DFS(SH-IDC1-10-142-4-76, id: 139671827561168) [P:3431709 T:139675079120704 F:client_base.py:20]
2021-11-17 13:22:18,070 DEB [Process-3  ] [MainThread] - create DFS(SH-IDC1-10-142-4-76, id: 139671264223952) [P:3431689 T:139675079120704 F:client_base.py:20]
2021-11-17 13:22:18,080 DEB [Process-7  ] [MainThread] - create DFS(SH-IDC1-10-142-4-76, id: 139671264240016) [P:3431724 T:139675079120704 F:client_base.py:20]
2021-11-17 13:22:18,091 DEB [Process-9  ] [MainThread] - create DFS(SH-IDC1-10-142-4-76, id: 139671264221584) [P:3431753 T:139675079120704 F:client_base.py:20]
2021-11-17 13:22:18,101 DEB [Process-6  ] [MainThread] - create DFS(SH-IDC1-10-142-4-76, id: 139671827561936) [P:3431715 T:139675079120704 F:client_base.py:20]
2021-11-17 13:22:18,111 DEB [Process-10 ] [MainThread] - create DFS(SH-IDC1-10-142-4-76, id: 139671264222352) [P:3431897 T:139675079120704 F:client_base.py:20]
2021-11-17 13:22:18,122 DEB [Process-8  ] [MainThread] - create DFS(SH-IDC1-10-142-4-76, id: 139671264220688) [P:3431732 T:139675079120704 F:client_base.py:20]
